Warning: disabling flag --expose_wasm due to conflicting flags
Warning: disabling flag --expose_wasm due to conflicting flags
[27042:27042:1016/102857.936887:ERROR:object_proxy.cc(577)] Failed to call method: org.freedesktop.ScreenSaver.GetActive: object_path= /org/freedesktop/ScreenSaver: org.freedesktop.DBus.Error.NotSupported: This method is not implemented
INFO: Created TensorFlow Lite XNNPACK delegate for CPU.
Fontconfig error: Cannot load default config file: No such file: (null)
[27089:27089:1016/102937.988870:ERROR:gl_surface_presentation_helper.cc(260)] GetVSyncParametersIfAvailable() failed for 1 times!
[27089:27089:1016/102939.613134:ERROR:gl_surface_presentation_helper.cc(260)] GetVSyncParametersIfAvailable() failed for 2 times!
[27089:27089:1016/102939.620627:ERROR:gl_surface_presentation_helper.cc(260)] GetVSyncParametersIfAvailable() failed for 3 times!
[27042:27071:1016/105320.345572:ERROR:connection_factory_impl.cc(428)] Failed to connect to MCS endpoint with error -106
[27042:27071:1016/105330.266508:ERROR:connection_factory_impl.cc(428)] Failed to connect to MCS endpoint with error -106
[27042:27071:1016/105330.767287:ERROR:connection_factory_impl.cc(428)] Failed to connect to MCS endpoint with error -106
[27042:27071:1016/105524.563799:ERROR:connection_factory_impl.cc(428)] Failed to connect to MCS endpoint with error -106
[27042:27071:1016/105842.287092:ERROR:connection_factory_impl.cc(428)] Failed to connect to MCS endpoint with error -106
[27042:27071:1016/110531.131975:ERROR:connection_factory_impl.cc(428)] Failed to connect to MCS endpoint with error -106
[27042:27071:1016/111531.136660:ERROR:connection_factory_impl.cc(428)] Failed to connect to MCS endpoint with error -106
[27042:27071:1016/112531.140539:ERROR:connection_factory_impl.cc(428)] Failed to connect to MCS endpoint with error -106
[27042:27071:1016/113531.144624:ERROR:connection_factory_impl.cc(428)] Failed to connect to MCS endpoint with error -106
[27042:27071:1016/114531.149038:ERROR:connection_factory_impl.cc(428)] Failed to connect to MCS endpoint with error -106
[27042:27071:1016/115531.153459:ERROR:connection_factory_impl.cc(428)] Failed to connect to MCS endpoint with error -106
[27042:27071:1016/120531.157122:ERROR:connection_factory_impl.cc(428)] Failed to connect to MCS endpoint with error -106
[27042:27071:1016/121531.161400:ERROR:connection_factory_impl.cc(428)] Failed to connect to MCS endpoint with error -106
[27042:27071:1016/122531.165731:ERROR:connection_factory_impl.cc(428)] Failed to connect to MCS endpoint with error -106
